<?xml version="1.0" encoding="UTF-8"?>
<!-- Generated by org.testng.reporters.JUnitReportReporter -->
<testsuite hostname="LAPTOP-NCJGL29V" failures="0" tests="1" name="com.testing.FlipkartAutoTest" time="65.899" errors="0" timestamp="2022-10-11T12:04:25 IST" skipped="0">
  <testcase classname="com.testing.FlipkartAutoTest" name="flipkart" time="65.899"/>
  <system-out/>
</testsuite> <!-- com.testing.FlipkartAutoTest -->
