<?xml version="1.0" encoding="UTF-8"?>
<!-- Generated by org.testng.reporters.JUnitReportReporter -->
<testsuite hostname="LAPTOP-NCJGL29V" failures="0" tests="1" name="com.testing.LoginTest" time="38.655" errors="0" timestamp="2022-10-13T21:56:40 IST" skipped="0">
  <testcase classname="com.testing.LoginTest" name="user" time="38.655"/>
  <system-out/>
</testsuite> <!-- com.testing.LoginTest -->
